<?xml version="1.0" encoding="UTF-8"?>
<!-- Generated by org.testng.reporters.JUnitReportReporter -->
<testsuite skipped="0" hostname="hp-PC" name="com.w2a.testcases.AddCustomerTest" tests="1" failures="0" timestamp="2020-04-01T12:44:43 IST" time="1.896" errors="0">
  <testcase name="addCustomer" time="1.896" classname="com.w2a.testcases.AddCustomerTest"/>
  <system-out/>
</testsuite> <!-- com.w2a.testcases.AddCustomerTest -->
