<?xml version="1.0" encoding="UTF-8"?>
<!-- Generated by org.testng.reporters.JUnitReportReporter -->
<testsuite skipped="0" hostname="hp-PC" name="com.w2a.testcases.BankManagerLoginTest" tests="1" failures="0" timestamp="2020-04-01T12:44:43 IST" time="0.408" errors="0">
  <testcase name="loginAsBankManager" time="0.408" classname="com.w2a.testcases.BankManagerLoginTest"/>
  <system-out>
Login successfully executed <a target="_blank" href="F:\Bhagi\Preparation\screenshots\error.png">screenshot</a> <br> <a target="_blank" href="F:\Bhagi\Preparation\screenshots\error.png"><img src="F:\\Bhagi\\Preparation\\screenshots\\error.png" height=200 width=200></img></a>  </system-out>
</testsuite> <!-- com.w2a.testcases.BankManagerLoginTest -->
