<?xml version="1.0" encoding="UTF-8"?>
<!-- Generated by org.testng.reporters.JUnitReportReporter -->
<testsuite skipped="0" hostname="hp-PC" name="com.w2a.testcases.LoginTest" tests="1" failures="0" timestamp="2020-03-31T15:16:27 IST" time="0.501" errors="0">
  <testcase name="loginAsBankManager" time="0.501" classname="com.w2a.testcases.LoginTest"/>
  <system-out/>
</testsuite> <!-- com.w2a.testcases.LoginTest -->
