<?xml version="1.0" encoding="UTF-8"?>
<!-- Generated by org.testng.reporters.JUnitReportReporter -->
<testsuite skipped="1" hostname="hp-PC" name="com.w2a.testcases.AddCustomerTest" tests="4" failures="0" timestamp="2020-04-06T20:33:32 IST" time="20.797" errors="0">
  <testcase name="addCustomerTest" time="6.747" classname="com.w2a.testcases.AddCustomerTest"/>
  <system-out/>
  <testcase name="addCustomerTest" time="7.306" classname="com.w2a.testcases.AddCustomerTest"/>
  <system-out/>
  <testcase name="addCustomerTest" time="0.001" classname="com.w2a.testcases.AddCustomerTest">
    <skipped/>
  </testcase> <!-- addCustomerTest -->
  <system-out/>
  <testcase name="addCustomerTest" time="6.743" classname="com.w2a.testcases.AddCustomerTest"/>
  <system-out/>
</testsuite> <!-- com.w2a.testcases.AddCustomerTest -->
