<?xml version="1.0" encoding="UTF-8"?>
<!-- Generated by org.testng.reporters.JUnitReportReporter -->
<testsuite skipped="0" hostname="hp-PC" name="com.w2a.testcases.BankManagerLoginTest" tests="1" failures="0" timestamp="2020-04-06T20:33:32 IST" time="4.689" errors="0">
  <testcase name="bankManagerLoginTest" time="4.689" classname="com.w2a.testcases.BankManagerLoginTest"/>
  <system-out>
<br>Verification failure : expected [abc] but found [xyz]<b> <a target="_blank" href=Mon_Apr_06_20_32_59_IST_2020.jpg><img src=Mon_Apr_06_20_32_59_IST_2020.jpg height=200 width=200></img></a> <br> <br>  </system-out>
</testsuite> <!-- com.w2a.testcases.BankManagerLoginTest -->
