<?xml version="1.0" encoding="UTF-8"?>
<!-- Generated by org.testng.reporters.JUnitReportReporter -->
<testsuite skipped="0" hostname="hp-PC" name="com.w2a.testcases.OpenAccountTest" tests="1" failures="0" timestamp="2020-04-06T20:33:32 IST" time="4.341" errors="0">
  <testcase name="openAccountTest" time="4.341" classname="com.w2a.testcases.OpenAccountTest"/>
  <system-out/>
</testsuite> <!-- com.w2a.testcases.OpenAccountTest -->
